Using pre-set license
Built from '2020.3/staging' branch; Version is '2020.3.22f1 (e1a7f79fd887) revision 14788599'; Using compiler version '192528614'; Build Type 'Release'
OS: 'Windows 10 Pro; OS build 19043.928; Version 2009; 64bit' Language: 'fr' Physical Memory: 16342 MB
BatchMode: 1, IsHumanControllingUs: 0, StartBugReporterOnCrash: 0, Is64bit: 1, IsPro: 0

COMMAND LINE ARGUMENTS:
C:\Program Files\Unity\Hub\Editor\2020.3.22f1\Editor\Unity.exe
-adb2
-batchMode
-noUpm
-name
AssetImportWorker0
-projectPath
C:/Users/game2/Documents/GitHub/CarcasSonne_majCode/New Unity Project
-logFile
Logs/AssetImportWorker0.log
-srvPort
60299
Successfully changed project path to: C:/Users/game2/Documents/GitHub/CarcasSonne_majCode/New Unity Project
C:/Users/game2/Documents/GitHub/CarcasSonne_majCode/New Unity Project
Using Asset Import Pipeline V2.
Refreshing native plugins compatible for Editor in 35.02 ms, found 2 plugins.
Preloading 0 native plugins for Editor in 0.00 ms.
Initialize engine version: 2020.3.22f1 (e1a7f79fd887)
[Subsystems] Discovering subsystems at path C:/Program Files/Unity/Hub/Editor/2020.3.22f1/Editor/Data/Resources/UnitySubsystems
[Subsystems] Discovering subsystems at path C:/Users/game2/Documents/GitHub/CarcasSonne_majCode/New Unity Project/Assets
GfxDevice: creating device client; threaded=0
Direct3D:
    Version:  Direct3D 11.0 [level 11.1]
    Renderer: NVIDIA GeForce GTX 1060 6GB (ID=0x1c03)
    Vendor:   
    VRAM:     6052 MB
    Driver:   30.0.14.9649
Initialize mono
Mono path[0] = 'C:/Program Files/Unity/Hub/Editor/2020.3.22f1/Editor/Data/Managed'
Mono path[1] = 'C:/Program Files/Unity/Hub/Editor/2020.3.22f1/Editor/Data/MonoBleedingEdge/lib/mono/unityjit'
Mono config path = 'C:/Program Files/Unity/Hub/Editor/2020.3.22f1/Editor/Data/MonoBleedingEdge/etc'
Using monoOptions --debugger-agent=transport=dt_socket,embedding=1,server=y,suspend=n,address=127.0.0.1:56976
Begin MonoManager ReloadAssembly
Registering precompiled unity dll's ...
Register platform support module: C:/Program Files/Unity/Hub/Editor/2020.3.22f1/Editor/Data/PlaybackEngines/WindowsStandaloneSupport/UnityEditor.WindowsStandalone.Extensions.dll
Registered in 0.002399 seconds.
Native extension for WindowsStandalone target not found
Refreshing native plugins compatible for Editor in 66.14 ms, found 2 plugins.
Preloading 0 native plugins for Editor in 0.00 ms.
Mono: successfully reloaded assembly
- Completed reload, in  2.367 seconds
Domain Reload Profiling:
	ReloadAssembly (2367ms)
		BeginReloadAssembly (52ms)
			ExecutionOrderSort (0ms)
			DisableScriptedObjects (0ms)
			BackupInstance (0ms)
			ReleaseScriptingObjects (0ms)
			CreateAndSetChildDomain (1ms)
		EndReloadAssembly (676ms)
			LoadAssemblies (50ms)
			RebuildTransferFunctionScriptingTraits (0ms)
			SetupTypeCache (136ms)
			ReleaseScriptCaches (0ms)
			RebuildScriptCaches (62ms)
			SetupLoadedEditorAssemblies (284ms)
				LogAssemblyErrors (0ms)
				InitializePlatformSupportModulesInManaged (5ms)
				SetLoadedEditorAssemblies (0ms)
				RefreshPlugins (66ms)
				BeforeProcessingInitializeOnLoad (39ms)
				ProcessInitializeOnLoadAttributes (140ms)
				ProcessInitializeOnLoadMethodAttributes (34ms)
				AfterProcessingInitializeOnLoad (0ms)
				EditorAssembliesLoaded (0ms)
			ExecutionOrderSort2 (0ms)
			AwakeInstancesAfterBackupRestoration (0ms)
Platform modules already initialized, skipping
Registering precompiled user dll's ...
Registered in 0.005274 seconds.
Begin MonoManager ReloadAssembly
Native extension for WindowsStandalone target not found
Refreshing native plugins compatible for Editor in 0.40 ms, found 2 plugins.
Preloading 0 native plugins for Editor in 0.00 ms.
Mono: successfully reloaded assembly
- Completed reload, in  1.391 seconds
Domain Reload Profiling:
	ReloadAssembly (1392ms)
		BeginReloadAssembly (163ms)
			ExecutionOrderSort (0ms)
			DisableScriptedObjects (10ms)
			BackupInstance (0ms)
			ReleaseScriptingObjects (0ms)
			CreateAndSetChildDomain (17ms)
		EndReloadAssembly (1173ms)
			LoadAssemblies (73ms)
			RebuildTransferFunctionScriptingTraits (0ms)
			SetupTypeCache (288ms)
			ReleaseScriptCaches (0ms)
			RebuildScriptCaches (36ms)
			SetupLoadedEditorAssemblies (695ms)
				LogAssemblyErrors (0ms)
				InitializePlatformSupportModulesInManaged (4ms)
				SetLoadedEditorAssemblies (0ms)
				RefreshPlugins (0ms)
				BeforeProcessingInitializeOnLoad (252ms)
				ProcessInitializeOnLoadAttributes (424ms)
				ProcessInitializeOnLoadMethodAttributes (8ms)
				AfterProcessingInitializeOnLoad (5ms)
				EditorAssembliesLoaded (0ms)
			ExecutionOrderSort2 (0ms)
			AwakeInstancesAfterBackupRestoration (7ms)
Platform modules already initialized, skipping
========================================================================
Worker process is ready to serve import requests
Launched and connected shader compiler UnityShaderCompiler.exe after 0.04 seconds
Refreshing native plugins compatible for Editor in 0.49 ms, found 2 plugins.
Preloading 0 native plugins for Editor in 0.00 ms.
Unloading 1556 Unused Serialized files (Serialized files now loaded: 0)
System memory in use before: 71.8 MB.
System memory in use after: 71.9 MB.

Unloading 19 unused Assets to reduce memory usage. Loaded Objects now: 1989.
Total: 3.007600 ms (FindLiveObjects: 0.160700 ms CreateObjectMapping: 0.049000 ms MarkObjects: 2.688900 ms  DeleteObjects: 0.107200 ms)

AssetImportParameters requested are different than current active one (requested -> active):
  custom:framework-win-MediaFoundation: 216162199b28c13a410421893ffa2e32 -> 
  custom:video-decoder-ogg-theora: a1e56fd34408186e4bbccfd4996cb3dc -> 
  custom:container-muxer-webm: aa71ff27fc2769a1b78a27578f13a17b -> 
  custom:container-demuxer-webm: 4f35f7cbe854078d1ac9338744f61a02 -> 
  custom:container-demuxer-ogg: 62fdf1f143b41e24485cea50d1cbac27 -> 
  custom:video-encoder-webm-vp8: eb34c28f22e8b96e1ab97ce403110664 -> 
  custom:video-decoder-webm-vp8: 9c59270c3fd7afecdb556c50c9e8de78 -> 
  custom:audio-decoder-ogg-vorbis: bf7c407c2cedff20999df2af8eb42d56 -> 
  custom:audio-encoder-webm-vorbis: bf7c407c2cedff20999df2af8eb42d56 -> 
========================================================================
Received Import Request.
  path: Assets/Assets/TextMesh Pro/Resources/Fonts _ Materials/LiberationSans SDF - Fallback.asset
  artifactKey: Guid(2e498d1c8094910479dc3e1b768306a4) Importer(815301076,1909f56bfc062723c751e8b465ee728b)
Start importing Assets/Assets/TextMesh Pro/Resources/Fonts _ Materials/LiberationSans SDF - Fallback.asset using Guid(2e498d1c8094910479dc3e1b768306a4) Importer(815301076,1909f56bfc062723c751e8b465ee728b)  -> (artifact id: 'b8c2210586957436df79bf961aeff06e') in 0.119999 seconds 
  Import took 0.122636 seconds .

========================================================================
Received Import Request.
  Time since last request: 8.933059 seconds.
  path: Assets/Assets/TextMesh Pro
  artifactKey: Guid(f54d1bd14bd3ca042bd867b519fee8cc) Importer(815301076,1909f56bfc062723c751e8b465ee728b)
Start importing Assets/Assets/TextMesh Pro using Guid(f54d1bd14bd3ca042bd867b519fee8cc) Importer(815301076,1909f56bfc062723c751e8b465ee728b)  -> (artifact id: '16b4cbde9565bf190136f1148817e1ea') in 0.003335 seconds 
  Import took 0.006313 seconds .

========================================================================
Received Import Request.
  Time since last request: 1.721545 seconds.
  path: Assets/Assets/TextMesh Pro/Sprites
  artifactKey: Guid(d0603b6d5186471b96c778c3949c7ce2) Importer(815301076,1909f56bfc062723c751e8b465ee728b)
Start importing Assets/Assets/TextMesh Pro/Sprites using Guid(d0603b6d5186471b96c778c3949c7ce2) Importer(815301076,1909f56bfc062723c751e8b465ee728b)  -> (artifact id: 'c825b4ecabc52a724fdd8944d5209777') in 0.004092 seconds 
  Import took 0.006877 seconds .

========================================================================
Received Import Request.
  Time since last request: 0.865525 seconds.
  path: Assets/Assets/TextMesh Pro/Fonts
  artifactKey: Guid(6ab70aee4d56447429c680537fbf93ed) Importer(815301076,1909f56bfc062723c751e8b465ee728b)
Start importing Assets/Assets/TextMesh Pro/Fonts using Guid(6ab70aee4d56447429c680537fbf93ed) Importer(815301076,1909f56bfc062723c751e8b465ee728b)  -> (artifact id: 'c860dfdf0522eec1202f36843e52d436') in 0.003445 seconds 
  Import took 0.006162 seconds .

========================================================================
Received Import Request.
  Time since last request: 0.080269 seconds.
  path: Assets/Assets/TextMesh Pro/Fonts/LiberationSans.ttf
  artifactKey: Guid(e3265ab4bf004d28a9537516768c1c75) Importer(815301076,1909f56bfc062723c751e8b465ee728b)
Start importing Assets/Assets/TextMesh Pro/Fonts/LiberationSans.ttf using Guid(e3265ab4bf004d28a9537516768c1c75) Importer(815301076,1909f56bfc062723c751e8b465ee728b)  -> (artifact id: 'bdddd331c3f1b7826858a8d92db67e39') in 0.035333 seconds 
  Import took 0.039950 seconds .

========================================================================
Received Import Request.
  Time since last request: 2.241279 seconds.
  path: Assets/Assets/TextMesh Pro/Documentation
  artifactKey: Guid(8e7e8f5a82a3a134e91c54efd2274ea9) Importer(815301076,1909f56bfc062723c751e8b465ee728b)
Start importing Assets/Assets/TextMesh Pro/Documentation using Guid(8e7e8f5a82a3a134e91c54efd2274ea9) Importer(815301076,1909f56bfc062723c751e8b465ee728b)  -> (artifact id: '7f5aa99e36510f23d626084d8be9669f') in 0.003954 seconds 
  Import took 0.006473 seconds .

========================================================================
Received Import Request.
  Time since last request: 1.897203 seconds.
  path: Assets/Assets/TextMesh Pro/Resources
  artifactKey: Guid(243e06394e614e5d99fab26083b707fa) Importer(815301076,1909f56bfc062723c751e8b465ee728b)
Start importing Assets/Assets/TextMesh Pro/Resources using Guid(243e06394e614e5d99fab26083b707fa) Importer(815301076,1909f56bfc062723c751e8b465ee728b)  -> (artifact id: '0df7051f5b12f3f69d646d60f9166c36') in 0.003904 seconds 
  Import took 0.006412 seconds .

========================================================================
Received Import Request.
  Time since last request: 0.097426 seconds.
  path: Assets/Assets/TextMesh Pro/Resources/TMP Settings.asset
  artifactKey: Guid(3f5b5dff67a942289a9defa416b206f3) Importer(815301076,1909f56bfc062723c751e8b465ee728b)
Start importing Assets/Assets/TextMesh Pro/Resources/TMP Settings.asset using Guid(3f5b5dff67a942289a9defa416b206f3) Importer(815301076,1909f56bfc062723c751e8b465ee728b)  -> (artifact id: '80217e6c75f9d2e4957cbc8093faaf48') in 0.030840 seconds 
  Import took 0.036591 seconds .

========================================================================
Received Import Request.
  Time since last request: 1.731049 seconds.
  path: Assets/Assets/TextMesh Pro/Resources/Fonts _ Materials(1)
  artifactKey: Guid(731f1baa9d144a9897cb1d341c2092b8) Importer(815301076,1909f56bfc062723c751e8b465ee728b)
Start importing Assets/Assets/TextMesh Pro/Resources/Fonts _ Materials(1) using Guid(731f1baa9d144a9897cb1d341c2092b8) Importer(815301076,1909f56bfc062723c751e8b465ee728b)  -> (artifact id: 'ed9db7be21f9cb9d46f7386b065153ef') in 0.003834 seconds 
  Import took 0.006787 seconds .

========================================================================
Received Import Request.
  Time since last request: 2.095324 seconds.
  path: Assets/Assets/TextMesh Pro/Resources/Fonts _ Materials
  artifactKey: Guid(27a0168d82c5f0c4b89f9308c702d603) Importer(815301076,1909f56bfc062723c751e8b465ee728b)
Start importing Assets/Assets/TextMesh Pro/Resources/Fonts _ Materials using Guid(27a0168d82c5f0c4b89f9308c702d603) Importer(815301076,1909f56bfc062723c751e8b465ee728b)  -> (artifact id: '89e10001906e4807d2b2ef4a37c545c4') in 0.004332 seconds 
  Import took 0.007275 seconds .

========================================================================
Received Import Request.
  Time since last request: 0.023040 seconds.
  path: Assets/Assets/TextMesh Pro/Resources/Fonts _ Materials/LiberationSans SDF - Drop Shadow.mat
  artifactKey: Guid(e73a58f6e2794ae7b1b7e50b7fb811b0) Importer(815301076,1909f56bfc062723c751e8b465ee728b)
Start importing Assets/Assets/TextMesh Pro/Resources/Fonts _ Materials/LiberationSans SDF - Drop Shadow.mat using Guid(e73a58f6e2794ae7b1b7e50b7fb811b0) Importer(815301076,1909f56bfc062723c751e8b465ee728b)  -> (artifact id: 'ca0d2861f60500f05bd29199894f7bb5') in 0.072590 seconds 
  Import took 0.075507 seconds .

========================================================================
Received Import Request.
  Time since last request: 0.000227 seconds.
  path: Assets/Assets/TextMesh Pro/Resources/Fonts _ Materials/LiberationSans SDF - Outline.mat
  artifactKey: Guid(79459efec17a4d00a321bdcc27bbc385) Importer(815301076,1909f56bfc062723c751e8b465ee728b)
Start importing Assets/Assets/TextMesh Pro/Resources/Fonts _ Materials/LiberationSans SDF - Outline.mat using Guid(79459efec17a4d00a321bdcc27bbc385) Importer(815301076,1909f56bfc062723c751e8b465ee728b)  -> (artifact id: '289988fcecf3b00d1602f8d2b589f7dd') in 0.052834 seconds 
  Import took 0.054952 seconds .

========================================================================
Received Import Request.
  Time since last request: 0.000187 seconds.
  path: Assets/Assets/TextMesh Pro/Resources/Fonts _ Materials/MorrisRomanBlack.ttf
  artifactKey: Guid(6a58bb3a9368a9f4ebb6ab59eee88344) Importer(815301076,1909f56bfc062723c751e8b465ee728b)
Start importing Assets/Assets/TextMesh Pro/Resources/Fonts _ Materials/MorrisRomanBlack.ttf using Guid(6a58bb3a9368a9f4ebb6ab59eee88344) Importer(815301076,1909f56bfc062723c751e8b465ee728b)  -> (artifact id: '819b26705d0b92f3f0d6f75ca4c1793c') in 0.012039 seconds 
  Import took 0.014707 seconds .

========================================================================
Received Import Request.
  Time since last request: 42.683474 seconds.
  path: Assets/Assets/TextMesh Pro/Fonts/MorrisRomanBlack.ttf
  artifactKey: Guid(f04d018cd82a84045b19862ba2be7446) Importer(815301076,1909f56bfc062723c751e8b465ee728b)
Start importing Assets/Assets/TextMesh Pro/Fonts/MorrisRomanBlack.ttf using Guid(f04d018cd82a84045b19862ba2be7446) Importer(815301076,1909f56bfc062723c751e8b465ee728b)  -> (artifact id: '3f38a67808bc8813ae5f2101ca6eca55') in 0.012398 seconds 
  Import took 0.015166 seconds .

========================================================================
Received Import Request.
  Time since last request: 8.535727 seconds.
  path: Assets/Assets/TextMesh Pro/Fonts/MorrisRomanBlack SDF.asset
  artifactKey: Guid(f9f5ceff0a540c34ab5f6a196761fa82) Importer(815301076,1909f56bfc062723c751e8b465ee728b)
Start importing Assets/Assets/TextMesh Pro/Fonts/MorrisRomanBlack SDF.asset using Guid(f9f5ceff0a540c34ab5f6a196761fa82) Importer(815301076,1909f56bfc062723c751e8b465ee728b)  -> (artifact id: 'd118f55fd7974a79fb1a8b630d0e753f') in 0.017429 seconds 
  Import took 0.020144 seconds .

========================================================================
Received Import Request.
  Time since last request: 3.233534 seconds.
  path: Assets/Assets/TextMesh Pro/Resources/Fonts _ Materials/LiberationSans SDF - Fallback.asset
  artifactKey: Guid(2e498d1c8094910479dc3e1b768306a4) Importer(815301076,1909f56bfc062723c751e8b465ee728b)
Start importing Assets/Assets/TextMesh Pro/Resources/Fonts _ Materials/LiberationSans SDF - Fallback.asset using Guid(2e498d1c8094910479dc3e1b768306a4) Importer(815301076,1909f56bfc062723c751e8b465ee728b)  -> (artifact id: '645e1fd72bf7d31528741e29e293a462') in 0.019107 seconds 
  Import took 0.022120 seconds .

========================================================================
Received Import Request.
  Time since last request: 46.682727 seconds.
  path: Assets/Assets/Texture/couleur random/bleu.mat
  artifactKey: Guid(fdfa697aa4da49a4eb64ff6dcea7d78d) Importer(815301076,1909f56bfc062723c751e8b465ee728b)
Start importing Assets/Assets/Texture/couleur random/bleu.mat using Guid(fdfa697aa4da49a4eb64ff6dcea7d78d) Importer(815301076,1909f56bfc062723c751e8b465ee728b)  -> (artifact id: 'cb42f84dac96ba3f32c17e8fae9ee20e') in 0.114771 seconds 
  Import took 0.118581 seconds .

========================================================================
Received Import Request.
  Time since last request: 0.000206 seconds.
  path: Assets/Assets/Texture/Texture Fruit/fruit_texture 2.mat
  artifactKey: Guid(175a017ed7cfb6047a508a8e72cae59f) Importer(815301076,1909f56bfc062723c751e8b465ee728b)
Start importing Assets/Assets/Texture/Texture Fruit/fruit_texture 2.mat using Guid(175a017ed7cfb6047a508a8e72cae59f) Importer(815301076,1909f56bfc062723c751e8b465ee728b)  -> (artifact id: 'b1ea72e27d3774ad1a503c500e705c1d') in 0.011268 seconds 
  Import took 0.015108 seconds .

========================================================================
Received Import Request.
  Time since last request: 0.000206 seconds.
  path: Assets/Assets/Texture/Texture Fruit/fruit_texture 3.mat
  artifactKey: Guid(ca2c6849fb2b8f446896cd56477974b7) Importer(815301076,1909f56bfc062723c751e8b465ee728b)
Start importing Assets/Assets/Texture/Texture Fruit/fruit_texture 3.mat using Guid(ca2c6849fb2b8f446896cd56477974b7) Importer(815301076,1909f56bfc062723c751e8b465ee728b)  -> (artifact id: '9f046d89884a71dfc857571b39c4d6b4') in 0.010841 seconds 
  Import took 0.013953 seconds .

========================================================================
Received Import Request.
  Time since last request: 0.000282 seconds.
  path: Assets/Assets/Texture/Texture Fruit/fruit_texture 1.mat
  artifactKey: Guid(2e5645f9eb9b0114dbbf0815c51fc323) Importer(815301076,1909f56bfc062723c751e8b465ee728b)
Start importing Assets/Assets/Texture/Texture Fruit/fruit_texture 1.mat using Guid(2e5645f9eb9b0114dbbf0815c51fc323) Importer(815301076,1909f56bfc062723c751e8b465ee728b)  -> (artifact id: 'ed79d1988a5ff7ec4f86014a4e94ddb7') in 0.010569 seconds 
  Import took 0.013166 seconds .

========================================================================
Received Import Request.
  Time since last request: 0.000281 seconds.
  path: Assets/Assets/Texture/Texture Fruit/fruit_texture.mat
  artifactKey: Guid(0fca330053da3464d8edc36ef95806f8) Importer(815301076,1909f56bfc062723c751e8b465ee728b)
Start importing Assets/Assets/Texture/Texture Fruit/fruit_texture.mat using Guid(0fca330053da3464d8edc36ef95806f8) Importer(815301076,1909f56bfc062723c751e8b465ee728b)  -> (artifact id: 'a60d2c22ed8b221c52f80b423e779f09') in 0.011105 seconds 
  Import took 0.014246 seconds .

========================================================================
Received Import Request.
  Time since last request: 1.892794 seconds.
  path: Assets/Assets/sprite/menu.png
  artifactKey: Guid(29414432251902a4dae9370dc93b0905) Importer(815301076,1909f56bfc062723c751e8b465ee728b)
Start importing Assets/Assets/sprite/menu.png using Guid(29414432251902a4dae9370dc93b0905) Importer(815301076,1909f56bfc062723c751e8b465ee728b)  -> (artifact id: 'ab1489db1e4929dfb9e69a4b3a7a6d65') in 0.072331 seconds 
  Import took 0.077373 seconds .

========================================================================
Received Import Request.
  Time since last request: 0.000463 seconds.
  path: Assets/Assets/sprite/menu_button.png
  artifactKey: Guid(0415497922802814e8a3416b74be4668) Importer(815301076,1909f56bfc062723c751e8b465ee728b)
Start importing Assets/Assets/sprite/menu_button.png using Guid(0415497922802814e8a3416b74be4668) Importer(815301076,1909f56bfc062723c751e8b465ee728b)  -> (artifact id: '914f9e54bcca4da0f8a682e62574fc94') in 0.025619 seconds 
  Import took 0.029677 seconds .

========================================================================
Received Import Request.
  Time since last request: 124.796344 seconds.
  path: Assets/Assets/TextMesh Pro/Fonts/MorrisRomanBlack SDF.asset
  artifactKey: Guid(f9f5ceff0a540c34ab5f6a196761fa82) Importer(815301076,1909f56bfc062723c751e8b465ee728b)
Start importing Assets/Assets/TextMesh Pro/Fonts/MorrisRomanBlack SDF.asset using Guid(f9f5ceff0a540c34ab5f6a196761fa82) Importer(815301076,1909f56bfc062723c751e8b465ee728b)  -> (artifact id: 'b606b274353bad4dcbf7b61dd8f5784f') in 0.029691 seconds 
  Import took 0.033197 seconds .

========================================================================
Received Import Request.
  Time since last request: 43.073765 seconds.
  path: Assets/Assets/TextMesh Pro/Fonts/MorrisRomanBlack SDF.asset
  artifactKey: Guid(f9f5ceff0a540c34ab5f6a196761fa82) Importer(815301076,1909f56bfc062723c751e8b465ee728b)
Start importing Assets/Assets/TextMesh Pro/Fonts/MorrisRomanBlack SDF.asset using Guid(f9f5ceff0a540c34ab5f6a196761fa82) Importer(815301076,1909f56bfc062723c751e8b465ee728b)  -> (artifact id: 'be1af486037a8d77a601caca42daf350') in 0.026171 seconds 
  Import took 0.028993 seconds .

========================================================================
Received Import Request.
  Time since last request: 330.578801 seconds.
  path: Assets/Assets/Scripte
  artifactKey: Guid(7398b2881bd09ec409d408aba69e861e) Importer(815301076,1909f56bfc062723c751e8b465ee728b)
Start importing Assets/Assets/Scripte using Guid(7398b2881bd09ec409d408aba69e861e) Importer(815301076,1909f56bfc062723c751e8b465ee728b)  -> (artifact id: 'dae1648bd021de4fda820a28d4e84d52') in 0.003965 seconds 
  Import took 0.006999 seconds .

========================================================================
Received Import Request.
  Time since last request: 0.872819 seconds.
  path: Assets/Assets/Scripte/Game
  artifactKey: Guid(12b1aa76d5a260f4786624272e06a55d) Importer(815301076,1909f56bfc062723c751e8b465ee728b)
Start importing Assets/Assets/Scripte/Game using Guid(12b1aa76d5a260f4786624272e06a55d) Importer(815301076,1909f56bfc062723c751e8b465ee728b)  -> (artifact id: '34065227d3a709005564372209fbadfe') in 0.004100 seconds 
  Import took 0.007086 seconds .

========================================================================
Received Import Request.
  Time since last request: 1.088533 seconds.
  path: Assets/Assets/Scripte/Game/champ
  artifactKey: Guid(11f21ead51f84114fa1b44dc90c892a5) Importer(815301076,1909f56bfc062723c751e8b465ee728b)
Start importing Assets/Assets/Scripte/Game/champ using Guid(11f21ead51f84114fa1b44dc90c892a5) Importer(815301076,1909f56bfc062723c751e8b465ee728b)  -> (artifact id: 'a62519d05b9be49fb380231ccecb35fe') in 0.003497 seconds 
  Import took 0.006232 seconds .

========================================================================
Received Import Request.
  Time since last request: 1.025930 seconds.
  path: Assets/Assets/Scripte/Game/champ/blé
  artifactKey: Guid(24ab0509226aea7448f6396f15869173) Importer(815301076,1909f56bfc062723c751e8b465ee728b)
Start importing Assets/Assets/Scripte/Game/champ/blé using Guid(24ab0509226aea7448f6396f15869173) Importer(815301076,1909f56bfc062723c751e8b465ee728b)  -> (artifact id: 'e73fa3c0ccba83cc8cfce077e6b0e4d0') in 0.003810 seconds 
  Import took 0.006351 seconds .

========================================================================
Received Import Request.
  Time since last request: 4.497270 seconds.
  path: Assets/Assets/Scripte/Game/Buyable
  artifactKey: Guid(6582fbf5afa6e3842971220e6903428f) Importer(815301076,1909f56bfc062723c751e8b465ee728b)
Start importing Assets/Assets/Scripte/Game/Buyable using Guid(6582fbf5afa6e3842971220e6903428f) Importer(815301076,1909f56bfc062723c751e8b465ee728b)  -> (artifact id: '3cb94ab43288be1d0b498a2c2191acf8') in 0.003885 seconds 
  Import took 0.006403 seconds .

========================================================================
Received Import Request.
  Time since last request: 3.360294 seconds.
  path: Assets/Assets/Scripte/Game/Buyable/fField.cs
  artifactKey: Guid(62734bc6828bf3e4abdaf5c30d0c8c91) Importer(815301076,1909f56bfc062723c751e8b465ee728b)
Start importing Assets/Assets/Scripte/Game/Buyable/fField.cs using Guid(62734bc6828bf3e4abdaf5c30d0c8c91) Importer(815301076,1909f56bfc062723c751e8b465ee728b)  -> (artifact id: '11ae51874352be5fa6c61a60043b5c1f') in 0.008377 seconds 
  Import took 0.010832 seconds .

========================================================================
Received Import Request.
  Time since last request: 100.352817 seconds.
  path: Assets/Assets/Scripte/Game/Buyable/EField.cs
  artifactKey: Guid(55e33c1f14fe2824e90dbced205d7f61) Importer(815301076,1909f56bfc062723c751e8b465ee728b)
Start importing Assets/Assets/Scripte/Game/Buyable/EField.cs using Guid(55e33c1f14fe2824e90dbced205d7f61) Importer(815301076,1909f56bfc062723c751e8b465ee728b)  -> (artifact id: 'd1f5b6481c76fdb8402d7e6de4a1f538') in 0.003155 seconds 
  Import took 0.005615 seconds .

========================================================================
Received Prepare
Registering precompiled user dll's ...
Registered in 0.003384 seconds.
Begin MonoManager ReloadAssembly
Native extension for WindowsStandalone target not found
Refreshing native plugins compatible for Editor in 0.42 ms, found 2 plugins.
Preloading 0 native plugins for Editor in 0.00 ms.
Mono: successfully reloaded assembly
- Completed reload, in  1.175 seconds
Domain Reload Profiling:
	ReloadAssembly (1175ms)
		BeginReloadAssembly (156ms)
			ExecutionOrderSort (0ms)
			DisableScriptedObjects (6ms)
			BackupInstance (0ms)
			ReleaseScriptingObjects (0ms)
			CreateAndSetChildDomain (52ms)
		EndReloadAssembly (962ms)
			LoadAssemblies (91ms)
			RebuildTransferFunctionScriptingTraits (0ms)
			SetupTypeCache (360ms)
			ReleaseScriptCaches (1ms)
			RebuildScriptCaches (37ms)
			SetupLoadedEditorAssemblies (375ms)
				LogAssemblyErrors (0ms)
				InitializePlatformSupportModulesInManaged (6ms)
				SetLoadedEditorAssemblies (1ms)
				RefreshPlugins (0ms)
				BeforeProcessingInitializeOnLoad (141ms)
				ProcessInitializeOnLoadAttributes (212ms)
				ProcessInitializeOnLoadMethodAttributes (8ms)
				AfterProcessingInitializeOnLoad (6ms)
				EditorAssembliesLoaded (0ms)
			ExecutionOrderSort2 (0ms)
			AwakeInstancesAfterBackupRestoration (6ms)
Platform modules already initialized, skipping
Refreshing native plugins compatible for Editor in 0.32 ms, found 2 plugins.
Preloading 0 native plugins for Editor in 0.00 ms.
Unloading 1538 Unused Serialized files (Serialized files now loaded: 0)
System memory in use before: 74.0 MB.
System memory in use after: 74.1 MB.

Unloading 14 unused Assets to reduce memory usage. Loaded Objects now: 2040.
Total: 2.934900 ms (FindLiveObjects: 0.219400 ms CreateObjectMapping: 0.051400 ms MarkObjects: 2.646800 ms  DeleteObjects: 0.016300 ms)

AssetImportParameters requested are different than current active one (requested -> active):
  custom:framework-win-MediaFoundation: 216162199b28c13a410421893ffa2e32 -> 
  custom:video-decoder-ogg-theora: a1e56fd34408186e4bbccfd4996cb3dc -> 
  custom:container-muxer-webm: aa71ff27fc2769a1b78a27578f13a17b -> 
  custom:container-demuxer-webm: 4f35f7cbe854078d1ac9338744f61a02 -> 
  custom:container-demuxer-ogg: 62fdf1f143b41e24485cea50d1cbac27 -> 
  custom:video-encoder-webm-vp8: eb34c28f22e8b96e1ab97ce403110664 -> 
  custom:video-decoder-webm-vp8: 9c59270c3fd7afecdb556c50c9e8de78 -> 
  custom:audio-decoder-ogg-vorbis: bf7c407c2cedff20999df2af8eb42d56 -> 
  custom:audio-encoder-webm-vorbis: bf7c407c2cedff20999df2af8eb42d56 -> 
========================================================================
Received Import Request.
  Time since last request: 120.464832 seconds.
  path: Assets/Assets/Scripte/Game/champ/Fruit
  artifactKey: Guid(982535d2d100e27469f6d47f9740eed0) Importer(815301076,1909f56bfc062723c751e8b465ee728b)
Start importing Assets/Assets/Scripte/Game/champ/Fruit using Guid(982535d2d100e27469f6d47f9740eed0) Importer(815301076,1909f56bfc062723c751e8b465ee728b)  -> (artifact id: 'b7582284df2aba371cc6604c44e225f0') in 0.009262 seconds 
  Import took 0.012173 seconds .

========================================================================
Received Import Request.
  Time since last request: 0.274532 seconds.
  path: Assets/Assets/Scripte/Game/champ/Fruit/fruitClass2.cs
  artifactKey: Guid(28ddd07301208b644aac81ccdf4e1afa) Importer(815301076,1909f56bfc062723c751e8b465ee728b)
Start importing Assets/Assets/Scripte/Game/champ/Fruit/fruitClass2.cs using Guid(28ddd07301208b644aac81ccdf4e1afa) Importer(815301076,1909f56bfc062723c751e8b465ee728b)  -> (artifact id: '2d5ddf10d4bb34933e32e54fbffd0b1e') in 0.003521 seconds 
  Import took 0.006000 seconds .

========================================================================
Received Import Request.
  Time since last request: 1.396296 seconds.
  path: Assets/Assets/Scripte/Game/champ/Fruit/fruitClass1.cs
  artifactKey: Guid(0501b643dba5beb459b86a2240586f84) Importer(815301076,1909f56bfc062723c751e8b465ee728b)
Start importing Assets/Assets/Scripte/Game/champ/Fruit/fruitClass1.cs using Guid(0501b643dba5beb459b86a2240586f84) Importer(815301076,1909f56bfc062723c751e8b465ee728b)  -> (artifact id: '297b4dfd7bc60d7842dc9f27ac6ea8f6') in 0.003796 seconds 
  Import took 0.006718 seconds .

========================================================================
Received Prepare
Registering precompiled user dll's ...
Registered in 0.003481 seconds.
Begin MonoManager ReloadAssembly
Native extension for WindowsStandalone target not found
Refreshing native plugins compatible for Editor in 0.68 ms, found 2 plugins.
Preloading 0 native plugins for Editor in 0.00 ms.
Mono: successfully reloaded assembly
- Completed reload, in  1.284 seconds
Domain Reload Profiling:
	ReloadAssembly (1285ms)
		BeginReloadAssembly (109ms)
			ExecutionOrderSort (0ms)
			DisableScriptedObjects (4ms)
			BackupInstance (0ms)
			ReleaseScriptingObjects (0ms)
			CreateAndSetChildDomain (31ms)
		EndReloadAssembly (1117ms)
			LoadAssemblies (79ms)
			RebuildTransferFunctionScriptingTraits (0ms)
			SetupTypeCache (480ms)
			ReleaseScriptCaches (1ms)
			RebuildScriptCaches (37ms)
			SetupLoadedEditorAssemblies (397ms)
				LogAssemblyErrors (0ms)
				InitializePlatformSupportModulesInManaged (8ms)
				SetLoadedEditorAssemblies (1ms)
				RefreshPlugins (1ms)
				BeforeProcessingInitializeOnLoad (218ms)
				ProcessInitializeOnLoadAttributes (155ms)
				ProcessInitializeOnLoadMethodAttributes (7ms)
				AfterProcessingInitializeOnLoad (6ms)
				EditorAssembliesLoaded (0ms)
			ExecutionOrderSort2 (0ms)
			AwakeInstancesAfterBackupRestoration (6ms)
Platform modules already initialized, skipping
Refreshing native plugins compatible for Editor in 0.35 ms, found 2 plugins.
Preloading 0 native plugins for Editor in 0.00 ms.
Unloading 1538 Unused Serialized files (Serialized files now loaded: 0)
System memory in use before: 74.0 MB.
System memory in use after: 74.1 MB.

Unloading 14 unused Assets to reduce memory usage. Loaded Objects now: 2042.
Total: 2.890100 ms (FindLiveObjects: 0.165200 ms CreateObjectMapping: 0.039100 ms MarkObjects: 2.668400 ms  DeleteObjects: 0.016400 ms)

AssetImportParameters requested are different than current active one (requested -> active):
  custom:framework-win-MediaFoundation: 216162199b28c13a410421893ffa2e32 -> 
  custom:video-decoder-ogg-theora: a1e56fd34408186e4bbccfd4996cb3dc -> 
  custom:container-muxer-webm: aa71ff27fc2769a1b78a27578f13a17b -> 
  custom:container-demuxer-webm: 4f35f7cbe854078d1ac9338744f61a02 -> 
  custom:container-demuxer-ogg: 62fdf1f143b41e24485cea50d1cbac27 -> 
  custom:video-encoder-webm-vp8: eb34c28f22e8b96e1ab97ce403110664 -> 
  custom:video-decoder-webm-vp8: 9c59270c3fd7afecdb556c50c9e8de78 -> 
  custom:audio-decoder-ogg-vorbis: bf7c407c2cedff20999df2af8eb42d56 -> 
  custom:audio-encoder-webm-vorbis: bf7c407c2cedff20999df2af8eb42d56 -> 
========================================================================
Received Import Request.
  Time since last request: 248.585776 seconds.
  path: Assets/Assets/Scripte/Game/champ/Fruit/fruitClass1.cs
  artifactKey: Guid(0501b643dba5beb459b86a2240586f84) Importer(815301076,1909f56bfc062723c751e8b465ee728b)
Start importing Assets/Assets/Scripte/Game/champ/Fruit/fruitClass1.cs using Guid(0501b643dba5beb459b86a2240586f84) Importer(815301076,1909f56bfc062723c751e8b465ee728b)  -> (artifact id: 'b743bf85da126f81f5e6957cc98057ef') in 0.004829 seconds 
  Import took 0.007307 seconds .

========================================================================
Received Import Request.
  Time since last request: 249.260081 seconds.
  path: Assets/Assets/TextMesh Pro/Sprites/EmojiOne.png
  artifactKey: Guid(dffef66376be4fa480fb02b19edbe903) Importer(815301076,1909f56bfc062723c751e8b465ee728b)
Start importing Assets/Assets/TextMesh Pro/Sprites/EmojiOne.png using Guid(dffef66376be4fa480fb02b19edbe903) Importer(815301076,1909f56bfc062723c751e8b465ee728b)  -> (artifact id: 'd78a27303d38c5bc73b55289faa0930d') in 0.034822 seconds 
  Import took 0.038042 seconds .

========================================================================
Received Import Request.
  Time since last request: 366.012201 seconds.
  path: Assets/Assets/Scripte/Game/Maison
  artifactKey: Guid(2d9de34ed9f5b6a40b036894775a9d12) Importer(815301076,1909f56bfc062723c751e8b465ee728b)
Start importing Assets/Assets/Scripte/Game/Maison using Guid(2d9de34ed9f5b6a40b036894775a9d12) Importer(815301076,1909f56bfc062723c751e8b465ee728b)  -> (artifact id: '33c1ebb79b540f4e4e68a45a3bed465b') in 0.003653 seconds 
  Import took 0.007377 seconds .

========================================================================
Received Import Request.
  Time since last request: 0.769810 seconds.
  path: Assets/Assets/Scripte/Game/Maison/house.cs
  artifactKey: Guid(43fde8ca4498681409c4604f4ea4dab6) Importer(815301076,1909f56bfc062723c751e8b465ee728b)
Start importing Assets/Assets/Scripte/Game/Maison/house.cs using Guid(43fde8ca4498681409c4604f4ea4dab6) Importer(815301076,1909f56bfc062723c751e8b465ee728b)  -> (artifact id: 'cd6fb7f3be1dda141708980a6592adce') in 0.003445 seconds 
  Import took 0.006220 seconds .

========================================================================
Received Prepare
Registering precompiled user dll's ...
Registered in 0.003971 seconds.
Begin MonoManager ReloadAssembly
Native extension for WindowsStandalone target not found
Refreshing native plugins compatible for Editor in 0.32 ms, found 2 plugins.
Preloading 0 native plugins for Editor in 0.00 ms.
Mono: successfully reloaded assembly
- Completed reload, in  1.092 seconds
Domain Reload Profiling:
	ReloadAssembly (1093ms)
		BeginReloadAssembly (130ms)
			ExecutionOrderSort (0ms)
			DisableScriptedObjects (4ms)
			BackupInstance (0ms)
			ReleaseScriptingObjects (0ms)
			CreateAndSetChildDomain (36ms)
		EndReloadAssembly (888ms)
			LoadAssemblies (110ms)
			RebuildTransferFunctionScriptingTraits (0ms)
			SetupTypeCache (335ms)
			ReleaseScriptCaches (1ms)
			RebuildScriptCaches (37ms)
			SetupLoadedEditorAssemblies (320ms)
				LogAssemblyErrors (0ms)
				InitializePlatformSupportModulesInManaged (4ms)
				SetLoadedEditorAssemblies (1ms)
				RefreshPlugins (0ms)
				BeforeProcessingInitializeOnLoad (89ms)
				ProcessInitializeOnLoadAttributes (209ms)
				ProcessInitializeOnLoadMethodAttributes (10ms)
				AfterProcessingInitializeOnLoad (6ms)
				EditorAssembliesLoaded (0ms)
			ExecutionOrderSort2 (0ms)
			AwakeInstancesAfterBackupRestoration (6ms)
Platform modules already initialized, skipping
Refreshing native plugins compatible for Editor in 0.36 ms, found 2 plugins.
Preloading 0 native plugins for Editor in 0.00 ms.
Unloading 1538 Unused Serialized files (Serialized files now loaded: 0)
System memory in use before: 74.1 MB.
System memory in use after: 74.2 MB.

Unloading 14 unused Assets to reduce memory usage. Loaded Objects now: 2044.
Total: 2.815200 ms (FindLiveObjects: 0.176500 ms CreateObjectMapping: 0.046300 ms MarkObjects: 2.575000 ms  DeleteObjects: 0.016700 ms)

AssetImportParameters requested are different than current active one (requested -> active):
  custom:framework-win-MediaFoundation: 216162199b28c13a410421893ffa2e32 -> 
  custom:video-decoder-ogg-theora: a1e56fd34408186e4bbccfd4996cb3dc -> 
  custom:container-muxer-webm: aa71ff27fc2769a1b78a27578f13a17b -> 
  custom:container-demuxer-webm: 4f35f7cbe854078d1ac9338744f61a02 -> 
  custom:container-demuxer-ogg: 62fdf1f143b41e24485cea50d1cbac27 -> 
  custom:video-encoder-webm-vp8: eb34c28f22e8b96e1ab97ce403110664 -> 
  custom:video-decoder-webm-vp8: 9c59270c3fd7afecdb556c50c9e8de78 -> 
  custom:audio-decoder-ogg-vorbis: bf7c407c2cedff20999df2af8eb42d56 -> 
  custom:audio-encoder-webm-vorbis: bf7c407c2cedff20999df2af8eb42d56 -> 
========================================================================
Received Import Request.
  Time since last request: 202.657155 seconds.
  path: Assets/Assets/Texture
  artifactKey: Guid(c2f083570bbeaa447b681ec1f9bddafc) Importer(815301076,1909f56bfc062723c751e8b465ee728b)
Start importing Assets/Assets/Texture using Guid(c2f083570bbeaa447b681ec1f9bddafc) Importer(815301076,1909f56bfc062723c751e8b465ee728b)  -> (artifact id: '7969a21c6a41ac122689bcd550c0c789') in 0.007567 seconds 
  Import took 0.010725 seconds .

========================================================================
Received Import Request.
  Time since last request: 2.116169 seconds.
  path: Assets/Assets/Texture/Texture Blé
  artifactKey: Guid(32570558d98109848a92c28552733f01) Importer(815301076,1909f56bfc062723c751e8b465ee728b)
Start importing Assets/Assets/Texture/Texture Blé using Guid(32570558d98109848a92c28552733f01) Importer(815301076,1909f56bfc062723c751e8b465ee728b)  -> (artifact id: 'd15bdd2433cdae9f023c876b7f135627') in 0.004415 seconds 
  Import took 0.007110 seconds .

========================================================================
Received Import Request.
  Time since last request: 0.097228 seconds.
  path: Assets/Assets/Texture/Texture Blé/wheat_texture 4.mat
  artifactKey: Guid(0d0e3314d39217f4f9943aa649d41ef2) Importer(815301076,1909f56bfc062723c751e8b465ee728b)
Start importing Assets/Assets/Texture/Texture Blé/wheat_texture 4.mat using Guid(0d0e3314d39217f4f9943aa649d41ef2) Importer(815301076,1909f56bfc062723c751e8b465ee728b)  -> (artifact id: 'ab0a518f14993ce2e833e0e48aa00771') in 0.054916 seconds 
  Import took 0.058198 seconds .

========================================================================
Received Import Request.
  Time since last request: 0.000266 seconds.
  path: Assets/Assets/Texture/Texture Blé/wheat_texture 5.mat
  artifactKey: Guid(accd0217668f050429c9fbaef8cd7980) Importer(815301076,1909f56bfc062723c751e8b465ee728b)
Start importing Assets/Assets/Texture/Texture Blé/wheat_texture 5.mat using Guid(accd0217668f050429c9fbaef8cd7980) Importer(815301076,1909f56bfc062723c751e8b465ee728b)  -> (artifact id: '77908c0c3fd2423b52d7dde57b47ba6f') in 0.010189 seconds 
  Import took 0.012564 seconds .

========================================================================
Received Import Request.
  Time since last request: 16.816587 seconds.
  path: Assets/Assets/Texture/Texture Bois
  artifactKey: Guid(76bd70539f795c1468d2a219c85795cb) Importer(815301076,1909f56bfc062723c751e8b465ee728b)
Start importing Assets/Assets/Texture/Texture Bois using Guid(76bd70539f795c1468d2a219c85795cb) Importer(815301076,1909f56bfc062723c751e8b465ee728b)  -> (artifact id: 'ad14a611eceac2fbb8037f5d233f111a') in 0.004217 seconds 
  Import took 0.007236 seconds .

========================================================================
Received Import Request.
  Time since last request: 0.159122 seconds.
  path: Assets/Assets/Texture/Texture Bois/wood_texture 4.mat
  artifactKey: Guid(fe8d05462b01f04499ad2bfb13122bcb) Importer(815301076,1909f56bfc062723c751e8b465ee728b)
Start importing Assets/Assets/Texture/Texture Bois/wood_texture 4.mat using Guid(fe8d05462b01f04499ad2bfb13122bcb) Importer(815301076,1909f56bfc062723c751e8b465ee728b)  -> (artifact id: '6ddead619e0d2620b042e4ac50ee3ce8') in 0.015060 seconds 
  Import took 0.019159 seconds .

========================================================================
Received Import Request.
  Time since last request: 17.382314 seconds.
  path: Assets/Assets/Texture/Texture Eau
  artifactKey: Guid(780ac9605e317c34d8fbaeefdf328d43) Importer(815301076,1909f56bfc062723c751e8b465ee728b)
Start importing Assets/Assets/Texture/Texture Eau using Guid(780ac9605e317c34d8fbaeefdf328d43) Importer(815301076,1909f56bfc062723c751e8b465ee728b)  -> (artifact id: '17103e6d49cbc607142ceeea24bdf9c5') in 0.004636 seconds 
  Import took 0.007188 seconds .

========================================================================
Received Import Request.
  Time since last request: 15.016562 seconds.
  path: Assets/Assets/Texture/Texture Fruit
  artifactKey: Guid(ea91cfd3fb86392408419751952b52f9) Importer(815301076,1909f56bfc062723c751e8b465ee728b)
Start importing Assets/Assets/Texture/Texture Fruit using Guid(ea91cfd3fb86392408419751952b52f9) Importer(815301076,1909f56bfc062723c751e8b465ee728b)  -> (artifact id: '7e439ac55ad086d74f10a125e5c47ece') in 0.004407 seconds 
  Import took 0.007014 seconds .

========================================================================
Received Import Request.
  Time since last request: 9.625125 seconds.
  path: Assets/Assets/Texture/Texture Sanctuaire
  artifactKey: Guid(5486c3091152f9346af126205d674af4) Importer(815301076,1909f56bfc062723c751e8b465ee728b)
Start importing Assets/Assets/Texture/Texture Sanctuaire using Guid(5486c3091152f9346af126205d674af4) Importer(815301076,1909f56bfc062723c751e8b465ee728b)  -> (artifact id: '7057c69e60711ccce0ae8e095b726568') in 0.004320 seconds 
  Import took 0.007461 seconds .

========================================================================
Received Import Request.
  Time since last request: 1.679979 seconds.
  path: Assets/Assets/Texture/Texture Pierre
  artifactKey: Guid(7b186a062ab9a844d9afe0f4a9bf35fc) Importer(815301076,1909f56bfc062723c751e8b465ee728b)
Start importing Assets/Assets/Texture/Texture Pierre using Guid(7b186a062ab9a844d9afe0f4a9bf35fc) Importer(815301076,1909f56bfc062723c751e8b465ee728b)  -> (artifact id: 'd646a6f0fa4872f544edfcf62495fe83') in 0.005151 seconds 
  Import took 0.008166 seconds .

========================================================================
Received Import Request.
  Time since last request: 1.144030 seconds.
  path: Assets/Assets/Texture/Texture House
  artifactKey: Guid(9a266ccfc2f443d4085bfec508f9f010) Importer(815301076,1909f56bfc062723c751e8b465ee728b)
Start importing Assets/Assets/Texture/Texture House using Guid(9a266ccfc2f443d4085bfec508f9f010) Importer(815301076,1909f56bfc062723c751e8b465ee728b)  -> (artifact id: '2ce63cb99c2158a5ed1900a0fd237154') in 0.003908 seconds 
  Import took 0.006847 seconds .

========================================================================
Received Prepare
Registering precompiled user dll's ...
Registered in 0.003410 seconds.
Begin MonoManager ReloadAssembly
Native extension for WindowsStandalone target not found
Refreshing native plugins compatible for Editor in 0.56 ms, found 2 plugins.
Preloading 0 native plugins for Editor in 0.00 ms.
Mono: successfully reloaded assembly
- Completed reload, in  1.031 seconds
Domain Reload Profiling:
	ReloadAssembly (1032ms)
		BeginReloadAssembly (181ms)
			ExecutionOrderSort (0ms)
			DisableScriptedObjects (3ms)
			BackupInstance (0ms)
			ReleaseScriptingObjects (0ms)
			CreateAndSetChildDomain (64ms)
		EndReloadAssembly (793ms)
			LoadAssemblies (108ms)
			RebuildTransferFunctionScriptingTraits (0ms)
			SetupTypeCache (263ms)
			ReleaseScriptCaches (1ms)
			RebuildScriptCaches (39ms)
			SetupLoadedEditorAssemblies (306ms)
				LogAssemblyErrors (0ms)
				InitializePlatformSupportModulesInManaged (9ms)
				SetLoadedEditorAssemblies (1ms)
				RefreshPlugins (1ms)
				BeforeProcessingInitializeOnLoad (130ms)
				ProcessInitializeOnLoadAttributes (152ms)
				ProcessInitializeOnLoadMethodAttributes (7ms)
				AfterProcessingInitializeOnLoad (6ms)
				EditorAssembliesLoaded (0ms)
			ExecutionOrderSort2 (0ms)
			AwakeInstancesAfterBackupRestoration (5ms)
Platform modules already initialized, skipping
Refreshing native plugins compatible for Editor in 0.58 ms, found 2 plugins.
Preloading 0 native plugins for Editor in 0.00 ms.
Unloading 1538 Unused Serialized files (Serialized files now loaded: 0)
System memory in use before: 74.1 MB.
System memory in use after: 74.2 MB.

Unloading 14 unused Assets to reduce memory usage. Loaded Objects now: 2047.
Total: 5.798800 ms (FindLiveObjects: 0.271400 ms CreateObjectMapping: 0.099400 ms MarkObjects: 5.392900 ms  DeleteObjects: 0.033100 ms)

AssetImportParameters requested are different than current active one (requested -> active):
  custom:framework-win-MediaFoundation: 216162199b28c13a410421893ffa2e32 -> 
  custom:video-decoder-ogg-theora: a1e56fd34408186e4bbccfd4996cb3dc -> 
  custom:container-muxer-webm: aa71ff27fc2769a1b78a27578f13a17b -> 
  custom:container-demuxer-webm: 4f35f7cbe854078d1ac9338744f61a02 -> 
  custom:container-demuxer-ogg: 62fdf1f143b41e24485cea50d1cbac27 -> 
  custom:video-encoder-webm-vp8: eb34c28f22e8b96e1ab97ce403110664 -> 
  custom:video-decoder-webm-vp8: 9c59270c3fd7afecdb556c50c9e8de78 -> 
  custom:audio-decoder-ogg-vorbis: bf7c407c2cedff20999df2af8eb42d56 -> 
  custom:audio-encoder-webm-vorbis: bf7c407c2cedff20999df2af8eb42d56 -> 
========================================================================
Received Import Request.
  Time since last request: 112.506406 seconds.
  path: Assets/Assets/Texture/Texture Pierre/stone_texture 4.mat
  artifactKey: Guid(c7a75701471392d4bb06217d54253946) Importer(815301076,1909f56bfc062723c751e8b465ee728b)
Start importing Assets/Assets/Texture/Texture Pierre/stone_texture 4.mat using Guid(c7a75701471392d4bb06217d54253946) Importer(815301076,1909f56bfc062723c751e8b465ee728b)  -> (artifact id: '4556cd9484106f0cd192284cc16ece0f') in 0.079959 seconds 
  Import took 0.083650 seconds .

========================================================================
Received Import Request.
  Time since last request: 0.000234 seconds.
  path: Assets/Assets/Texture/Texture Pierre/stone_texture 3.mat
  artifactKey: Guid(c84f4d12e56cae1408586e1e1580fda1) Importer(815301076,1909f56bfc062723c751e8b465ee728b)
Start importing Assets/Assets/Texture/Texture Pierre/stone_texture 3.mat using Guid(c84f4d12e56cae1408586e1e1580fda1) Importer(815301076,1909f56bfc062723c751e8b465ee728b)  -> (artifact id: '23a8bdc9f072d63da2e847067fa2b065') in 0.012326 seconds 
  Import took 0.015119 seconds .

========================================================================
Received Import Request.
  Time since last request: 0.000238 seconds.
  path: Assets/Assets/Texture/Texture Pierre/stone_texture 1.mat
  artifactKey: Guid(62dfcac311d3067418a9c900b039f629) Importer(815301076,1909f56bfc062723c751e8b465ee728b)
Start importing Assets/Assets/Texture/Texture Pierre/stone_texture 1.mat using Guid(62dfcac311d3067418a9c900b039f629) Importer(815301076,1909f56bfc062723c751e8b465ee728b)  -> (artifact id: '05bbfcba9a1d240dcbee8913a3bcdb02') in 0.012216 seconds 
  Import took 0.015369 seconds .

========================================================================
Received Import Request.
  Time since last request: 0.000249 seconds.
  path: Assets/Assets/Texture/Texture Pierre/stone_texture 5.mat
  artifactKey: Guid(e59034c4aecb7f243bb0924a7ff87219) Importer(815301076,1909f56bfc062723c751e8b465ee728b)
Start importing Assets/Assets/Texture/Texture Pierre/stone_texture 5.mat using Guid(e59034c4aecb7f243bb0924a7ff87219) Importer(815301076,1909f56bfc062723c751e8b465ee728b)  -> (artifact id: '998cc079e79aa9c4b448d313948b578e') in 0.010958 seconds 
  Import took 0.014344 seconds .

========================================================================
Received Import Request.
  Time since last request: 0.000226 seconds.
  path: Assets/Assets/Texture/Texture Pierre/stone_texture.mat
  artifactKey: Guid(a6292ae8a0e59db42a80cd04ba6463c8) Importer(815301076,1909f56bfc062723c751e8b465ee728b)
Start importing Assets/Assets/Texture/Texture Pierre/stone_texture.mat using Guid(a6292ae8a0e59db42a80cd04ba6463c8) Importer(815301076,1909f56bfc062723c751e8b465ee728b)  -> (artifact id: '9831164f20f484e5f29fdcdb58ca0d5b') in 0.010944 seconds 
  Import took 0.013659 seconds .

========================================================================
Received Import Request.
  Time since last request: 0.000277 seconds.
  path: Assets/Assets/Texture/Texture Pierre/stone_texture 2.mat
  artifactKey: Guid(6e6ab927d2b05e341a53597a09596768) Importer(815301076,1909f56bfc062723c751e8b465ee728b)
Start importing Assets/Assets/Texture/Texture Pierre/stone_texture 2.mat using Guid(6e6ab927d2b05e341a53597a09596768) Importer(815301076,1909f56bfc062723c751e8b465ee728b)  -> (artifact id: '7c89f6ea05ad0f944287314e460a3179') in 0.012265 seconds 
  Import took 0.014950 seconds .

========================================================================
Received Prepare
Registering precompiled user dll's ...
Registered in 0.004208 seconds.
Begin MonoManager ReloadAssembly
Native extension for WindowsStandalone target not found
Refreshing native plugins compatible for Editor in 0.53 ms, found 2 plugins.
Preloading 0 native plugins for Editor in 0.00 ms.
Mono: successfully reloaded assembly
- Completed reload, in  1.179 seconds
Domain Reload Profiling:
	ReloadAssembly (1180ms)
		BeginReloadAssembly (167ms)
			ExecutionOrderSort (0ms)
			DisableScriptedObjects (3ms)
			BackupInstance (0ms)
			ReleaseScriptingObjects (0ms)
			CreateAndSetChildDomain (54ms)
		EndReloadAssembly (887ms)
			LoadAssemblies (135ms)
			RebuildTransferFunctionScriptingTraits (0ms)
			SetupTypeCache (269ms)
			ReleaseScriptCaches (1ms)
			RebuildScriptCaches (37ms)
			SetupLoadedEditorAssemblies (324ms)
				LogAssemblyErrors (0ms)
				InitializePlatformSupportModulesInManaged (9ms)
				SetLoadedEditorAssemblies (1ms)
				RefreshPlugins (1ms)
				BeforeProcessingInitializeOnLoad (131ms)
				ProcessInitializeOnLoadAttributes (168ms)
				ProcessInitializeOnLoadMethodAttributes (7ms)
				AfterProcessingInitializeOnLoad (6ms)
				EditorAssembliesLoaded (0ms)
			ExecutionOrderSort2 (0ms)
			AwakeInstancesAfterBackupRestoration (6ms)
Platform modules already initialized, skipping
Refreshing native plugins compatible for Editor in 0.39 ms, found 2 plugins.
Preloading 0 native plugins for Editor in 0.00 ms.
Unloading 1538 Unused Serialized files (Serialized files now loaded: 0)
System memory in use before: 74.1 MB.
System memory in use after: 74.2 MB.

Unloading 14 unused Assets to reduce memory usage. Loaded Objects now: 2050.
Total: 3.178600 ms (FindLiveObjects: 0.173900 ms CreateObjectMapping: 0.223700 ms MarkObjects: 2.740800 ms  DeleteObjects: 0.039100 ms)

AssetImportParameters requested are different than current active one (requested -> active):
  custom:framework-win-MediaFoundation: 216162199b28c13a410421893ffa2e32 -> 
  custom:video-decoder-ogg-theora: a1e56fd34408186e4bbccfd4996cb3dc -> 
  custom:container-muxer-webm: aa71ff27fc2769a1b78a27578f13a17b -> 
  custom:container-demuxer-webm: 4f35f7cbe854078d1ac9338744f61a02 -> 
  custom:container-demuxer-ogg: 62fdf1f143b41e24485cea50d1cbac27 -> 
  custom:video-encoder-webm-vp8: eb34c28f22e8b96e1ab97ce403110664 -> 
  custom:video-decoder-webm-vp8: 9c59270c3fd7afecdb556c50c9e8de78 -> 
  custom:audio-decoder-ogg-vorbis: bf7c407c2cedff20999df2af8eb42d56 -> 
  custom:audio-encoder-webm-vorbis: bf7c407c2cedff20999df2af8eb42d56 -> 
========================================================================
Received Prepare
Registering precompiled user dll's ...
Registered in 0.003709 seconds.
Begin MonoManager ReloadAssembly
Native extension for WindowsStandalone target not found
Refreshing native plugins compatible for Editor in 0.41 ms, found 2 plugins.
Preloading 0 native plugins for Editor in 0.00 ms.
Mono: successfully reloaded assembly
- Completed reload, in  1.053 seconds
Domain Reload Profiling:
	ReloadAssembly (1053ms)
		BeginReloadAssembly (144ms)
			ExecutionOrderSort (0ms)
			DisableScriptedObjects (11ms)
			BackupInstance (0ms)
			ReleaseScriptingObjects (0ms)
			CreateAndSetChildDomain (43ms)
		EndReloadAssembly (823ms)
			LoadAssemblies (74ms)
			RebuildTransferFunctionScriptingTraits (0ms)
			SetupTypeCache (236ms)
			ReleaseScriptCaches (1ms)
			RebuildScriptCaches (38ms)
			SetupLoadedEditorAssemblies (388ms)
				LogAssemblyErrors (0ms)
				InitializePlatformSupportModulesInManaged (6ms)
				SetLoadedEditorAssemblies (0ms)
				RefreshPlugins (0ms)
				BeforeProcessingInitializeOnLoad (121ms)
				ProcessInitializeOnLoadAttributes (247ms)
				ProcessInitializeOnLoadMethodAttributes (7ms)
				AfterProcessingInitializeOnLoad (6ms)
				EditorAssembliesLoaded (0ms)
			ExecutionOrderSort2 (0ms)
			AwakeInstancesAfterBackupRestoration (6ms)
Platform modules already initialized, skipping
Refreshing native plugins compatible for Editor in 0.36 ms, found 2 plugins.
Preloading 0 native plugins for Editor in 0.00 ms.
Unloading 1538 Unused Serialized files (Serialized files now loaded: 0)
System memory in use before: 74.1 MB.
System memory in use after: 74.2 MB.

Unloading 14 unused Assets to reduce memory usage. Loaded Objects now: 2052.
Total: 2.983200 ms (FindLiveObjects: 0.156500 ms CreateObjectMapping: 0.039400 ms MarkObjects: 2.745200 ms  DeleteObjects: 0.041200 ms)

AssetImportParameters requested are different than current active one (requested -> active):
  custom:framework-win-MediaFoundation: 216162199b28c13a410421893ffa2e32 -> 
  custom:video-decoder-ogg-theora: a1e56fd34408186e4bbccfd4996cb3dc -> 
  custom:container-muxer-webm: aa71ff27fc2769a1b78a27578f13a17b -> 
  custom:container-demuxer-webm: 4f35f7cbe854078d1ac9338744f61a02 -> 
  custom:container-demuxer-ogg: 62fdf1f143b41e24485cea50d1cbac27 -> 
  custom:video-encoder-webm-vp8: eb34c28f22e8b96e1ab97ce403110664 -> 
  custom:video-decoder-webm-vp8: 9c59270c3fd7afecdb556c50c9e8de78 -> 
  custom:audio-decoder-ogg-vorbis: bf7c407c2cedff20999df2af8eb42d56 -> 
  custom:audio-encoder-webm-vorbis: bf7c407c2cedff20999df2af8eb42d56 -> 
========================================================================
Received Prepare
Registering precompiled user dll's ...
Registered in 0.005550 seconds.
Begin MonoManager ReloadAssembly
Native extension for WindowsStandalone target not found
Refreshing native plugins compatible for Editor in 0.54 ms, found 2 plugins.
Preloading 0 native plugins for Editor in 0.00 ms.
Mono: successfully reloaded assembly
- Completed reload, in  1.134 seconds
Domain Reload Profiling:
	ReloadAssembly (1135ms)
		BeginReloadAssembly (131ms)
			ExecutionOrderSort (0ms)
			DisableScriptedObjects (4ms)
			BackupInstance (0ms)
			ReleaseScriptingObjects (0ms)
			CreateAndSetChildDomain (39ms)
		EndReloadAssembly (924ms)
			LoadAssemblies (101ms)
			RebuildTransferFunctionScriptingTraits (0ms)
			SetupTypeCache (281ms)
			ReleaseScriptCaches (1ms)
			RebuildScriptCaches (52ms)
			SetupLoadedEditorAssemblies (384ms)
				LogAssemblyErrors (0ms)
				InitializePlatformSupportModulesInManaged (6ms)
				SetLoadedEditorAssemblies (1ms)
				RefreshPlugins (1ms)
				BeforeProcessingInitializeOnLoad (137ms)
				ProcessInitializeOnLoadAttributes (224ms)
				ProcessInitializeOnLoadMethodAttributes (8ms)
				AfterProcessingInitializeOnLoad (7ms)
				EditorAssembliesLoaded (1ms)
			ExecutionOrderSort2 (0ms)
			AwakeInstancesAfterBackupRestoration (10ms)
Platform modules already initialized, skipping
Refreshing native plugins compatible for Editor in 0.41 ms, found 2 plugins.
Preloading 0 native plugins for Editor in 0.00 ms.
Unloading 1538 Unused Serialized files (Serialized files now loaded: 0)
System memory in use before: 74.1 MB.
System memory in use after: 74.2 MB.

Unloading 14 unused Assets to reduce memory usage. Loaded Objects now: 2054.
Total: 2.935100 ms (FindLiveObjects: 0.234400 ms CreateObjectMapping: 0.085900 ms MarkObjects: 2.593300 ms  DeleteObjects: 0.020400 ms)

AssetImportParameters requested are different than current active one (requested -> active):
  custom:framework-win-MediaFoundation: 216162199b28c13a410421893ffa2e32 -> 
  custom:video-decoder-ogg-theora: a1e56fd34408186e4bbccfd4996cb3dc -> 
  custom:container-muxer-webm: aa71ff27fc2769a1b78a27578f13a17b -> 
  custom:container-demuxer-webm: 4f35f7cbe854078d1ac9338744f61a02 -> 
  custom:container-demuxer-ogg: 62fdf1f143b41e24485cea50d1cbac27 -> 
  custom:video-encoder-webm-vp8: eb34c28f22e8b96e1ab97ce403110664 -> 
  custom:video-decoder-webm-vp8: 9c59270c3fd7afecdb556c50c9e8de78 -> 
  custom:audio-decoder-ogg-vorbis: bf7c407c2cedff20999df2af8eb42d56 -> 
  custom:audio-encoder-webm-vorbis: bf7c407c2cedff20999df2af8eb42d56 -> 
========================================================================
Received Prepare
Registering precompiled user dll's ...
Registered in 0.003685 seconds.
Begin MonoManager ReloadAssembly
Native extension for WindowsStandalone target not found
Refreshing native plugins compatible for Editor in 0.32 ms, found 2 plugins.
Preloading 0 native plugins for Editor in 0.00 ms.
Mono: successfully reloaded assembly
- Completed reload, in  0.979 seconds
Domain Reload Profiling:
	ReloadAssembly (979ms)
		BeginReloadAssembly (99ms)
			ExecutionOrderSort (0ms)
			DisableScriptedObjects (4ms)
			BackupInstance (0ms)
			ReleaseScriptingObjects (0ms)
			CreateAndSetChildDomain (28ms)
		EndReloadAssembly (823ms)
			LoadAssemblies (74ms)
			RebuildTransferFunctionScriptingTraits (0ms)
			SetupTypeCache (283ms)
			ReleaseScriptCaches (1ms)
			RebuildScriptCaches (37ms)
			SetupLoadedEditorAssemblies (341ms)
				LogAssemblyErrors (0ms)
				InitializePlatformSupportModulesInManaged (4ms)
				SetLoadedEditorAssemblies (0ms)
				RefreshPlugins (0ms)
				BeforeProcessingInitializeOnLoad (95ms)
				ProcessInitializeOnLoadAttributes (228ms)
				ProcessInitializeOnLoadMethodAttributes (7ms)
				AfterProcessingInitializeOnLoad (6ms)
				EditorAssembliesLoaded (0ms)
			ExecutionOrderSort2 (0ms)
			AwakeInstancesAfterBackupRestoration (6ms)
Platform modules already initialized, skipping
Refreshing native plugins compatible for Editor in 0.32 ms, found 2 plugins.
Preloading 0 native plugins for Editor in 0.00 ms.
Unloading 1538 Unused Serialized files (Serialized files now loaded: 0)
System memory in use before: 74.1 MB.
System memory in use after: 74.2 MB.

Unloading 14 unused Assets to reduce memory usage. Loaded Objects now: 2056.
Total: 3.059300 ms (FindLiveObjects: 0.158000 ms CreateObjectMapping: 0.037700 ms MarkObjects: 2.846200 ms  DeleteObjects: 0.016500 ms)

AssetImportParameters requested are different than current active one (requested -> active):
  custom:framework-win-MediaFoundation: 216162199b28c13a410421893ffa2e32 -> 
  custom:video-decoder-ogg-theora: a1e56fd34408186e4bbccfd4996cb3dc -> 
  custom:container-muxer-webm: aa71ff27fc2769a1b78a27578f13a17b -> 
  custom:container-demuxer-webm: 4f35f7cbe854078d1ac9338744f61a02 -> 
  custom:container-demuxer-ogg: 62fdf1f143b41e24485cea50d1cbac27 -> 
  custom:video-encoder-webm-vp8: eb34c28f22e8b96e1ab97ce403110664 -> 
  custom:video-decoder-webm-vp8: 9c59270c3fd7afecdb556c50c9e8de78 -> 
  custom:audio-decoder-ogg-vorbis: bf7c407c2cedff20999df2af8eb42d56 -> 
  custom:audio-encoder-webm-vorbis: bf7c407c2cedff20999df2af8eb42d56 -> 
========================================================================
Received Prepare
Registering precompiled user dll's ...
Registered in 0.003426 seconds.
Begin MonoManager ReloadAssembly
Native extension for WindowsStandalone target not found
Refreshing native plugins compatible for Editor in 0.36 ms, found 2 plugins.
Preloading 0 native plugins for Editor in 0.00 ms.
Mono: successfully reloaded assembly
- Completed reload, in  1.076 seconds
Domain Reload Profiling:
	ReloadAssembly (1076ms)
		BeginReloadAssembly (177ms)
			ExecutionOrderSort (0ms)
			DisableScriptedObjects (5ms)
			BackupInstance (0ms)
			ReleaseScriptingObjects (0ms)
			CreateAndSetChildDomain (63ms)
		EndReloadAssembly (804ms)
			LoadAssemblies (113ms)
			RebuildTransferFunctionScriptingTraits (0ms)
			SetupTypeCache (257ms)
			ReleaseScriptCaches (1ms)
			RebuildScriptCaches (40ms)
			SetupLoadedEditorAssemblies (328ms)
				LogAssemblyErrors (0ms)
				InitializePlatformSupportModulesInManaged (5ms)
				SetLoadedEditorAssemblies (0ms)
				RefreshPlugins (0ms)
				BeforeProcessingInitializeOnLoad (128ms)
				ProcessInitializeOnLoadAttributes (182ms)
				ProcessInitializeOnLoadMethodAttributes (8ms)
				AfterProcessingInitializeOnLoad (5ms)
				EditorAssembliesLoaded (0ms)
			ExecutionOrderSort2 (0ms)
			AwakeInstancesAfterBackupRestoration (6ms)
Platform modules already initialized, skipping
Refreshing native plugins compatible for Editor in 0.39 ms, found 2 plugins.
Preloading 0 native plugins for Editor in 0.00 ms.
Unloading 1538 Unused Serialized files (Serialized files now loaded: 0)
System memory in use before: 74.1 MB.
System memory in use after: 74.2 MB.

Unloading 14 unused Assets to reduce memory usage. Loaded Objects now: 2058.
Total: 3.977000 ms (FindLiveObjects: 0.202000 ms CreateObjectMapping: 0.057900 ms MarkObjects: 3.691800 ms  DeleteObjects: 0.024200 ms)

AssetImportParameters requested are different than current active one (requested -> active):
  custom:framework-win-MediaFoundation: 216162199b28c13a410421893ffa2e32 -> 
  custom:video-decoder-ogg-theora: a1e56fd34408186e4bbccfd4996cb3dc -> 
  custom:container-muxer-webm: aa71ff27fc2769a1b78a27578f13a17b -> 
  custom:container-demuxer-webm: 4f35f7cbe854078d1ac9338744f61a02 -> 
  custom:container-demuxer-ogg: 62fdf1f143b41e24485cea50d1cbac27 -> 
  custom:video-encoder-webm-vp8: eb34c28f22e8b96e1ab97ce403110664 -> 
  custom:video-decoder-webm-vp8: 9c59270c3fd7afecdb556c50c9e8de78 -> 
  custom:audio-decoder-ogg-vorbis: bf7c407c2cedff20999df2af8eb42d56 -> 
  custom:audio-encoder-webm-vorbis: bf7c407c2cedff20999df2af8eb42d56 -> 
========================================================================
Received Prepare
Registering precompiled user dll's ...
Registered in 0.003504 seconds.
Begin MonoManager ReloadAssembly
Native extension for WindowsStandalone target not found
Refreshing native plugins compatible for Editor in 0.49 ms, found 2 plugins.
Preloading 0 native plugins for Editor in 0.00 ms.
Mono: successfully reloaded assembly
- Completed reload, in  0.985 seconds
Domain Reload Profiling:
	ReloadAssembly (986ms)
		BeginReloadAssembly (143ms)
			ExecutionOrderSort (0ms)
			DisableScriptedObjects (7ms)
			BackupInstance (0ms)
			ReleaseScriptingObjects (0ms)
			CreateAndSetChildDomain (53ms)
		EndReloadAssembly (769ms)
			LoadAssemblies (78ms)
			RebuildTransferFunctionScriptingTraits (0ms)
			SetupTypeCache (256ms)
			ReleaseScriptCaches (1ms)
			RebuildScriptCaches (37ms)
			SetupLoadedEditorAssemblies (264ms)
				LogAssemblyErrors (0ms)
				InitializePlatformSupportModulesInManaged (7ms)
				SetLoadedEditorAssemblies (1ms)
				RefreshPlugins (1ms)
				BeforeProcessingInitializeOnLoad (83ms)
				ProcessInitializeOnLoadAttributes (160ms)
				ProcessInitializeOnLoadMethodAttributes (7ms)
				AfterProcessingInitializeOnLoad (5ms)
				EditorAssembliesLoaded (0ms)
			ExecutionOrderSort2 (0ms)
			AwakeInstancesAfterBackupRestoration (6ms)
Platform modules already initialized, skipping
Refreshing native plugins compatible for Editor in 0.33 ms, found 2 plugins.
Preloading 0 native plugins for Editor in 0.00 ms.
Unloading 1538 Unused Serialized files (Serialized files now loaded: 0)
System memory in use before: 74.1 MB.
System memory in use after: 74.2 MB.

Unloading 14 unused Assets to reduce memory usage. Loaded Objects now: 2060.
Total: 2.879000 ms (FindLiveObjects: 0.171000 ms CreateObjectMapping: 0.038400 ms MarkObjects: 2.652400 ms  DeleteObjects: 0.016300 ms)

AssetImportParameters requested are different than current active one (requested -> active):
  custom:framework-win-MediaFoundation: 216162199b28c13a410421893ffa2e32 -> 
  custom:video-decoder-ogg-theora: a1e56fd34408186e4bbccfd4996cb3dc -> 
  custom:container-muxer-webm: aa71ff27fc2769a1b78a27578f13a17b -> 
  custom:container-demuxer-webm: 4f35f7cbe854078d1ac9338744f61a02 -> 
  custom:container-demuxer-ogg: 62fdf1f143b41e24485cea50d1cbac27 -> 
  custom:video-encoder-webm-vp8: eb34c28f22e8b96e1ab97ce403110664 -> 
  custom:video-decoder-webm-vp8: 9c59270c3fd7afecdb556c50c9e8de78 -> 
  custom:audio-decoder-ogg-vorbis: bf7c407c2cedff20999df2af8eb42d56 -> 
  custom:audio-encoder-webm-vorbis: bf7c407c2cedff20999df2af8eb42d56 -> 
========================================================================
Received Import Request.
  Time since last request: 1355.959073 seconds.
  path: Assets/Assets/Scenes
  artifactKey: Guid(f410a3706868a56448271f9c0ce18457) Importer(815301076,1909f56bfc062723c751e8b465ee728b)
Start importing Assets/Assets/Scenes using Guid(f410a3706868a56448271f9c0ce18457) Importer(815301076,1909f56bfc062723c751e8b465ee728b)  -> (artifact id: 'd308bb1c460f9fcd72ae753c1bd62517') in 0.007682 seconds 
  Import took 0.011288 seconds .

========================================================================
Received Import Request.
  Time since last request: 1.005465 seconds.
  path: Assets/Assets/Scenes/Main_menu.unity
  artifactKey: Guid(ba8a54e6c26225a41bab9dcb9ae758cb) Importer(815301076,1909f56bfc062723c751e8b465ee728b)
Start importing Assets/Assets/Scenes/Main_menu.unity using Guid(ba8a54e6c26225a41bab9dcb9ae758cb) Importer(815301076,1909f56bfc062723c751e8b465ee728b)  -> (artifact id: '53deedf9a16390185cdf2dcfbc65868f') in 0.016627 seconds 
  Import took 0.019205 seconds .

========================================================================
Received Import Request.
  Time since last request: 4.364516 seconds.
  path: Assets/Assets/Scenes/Main_menu 1.unity
  artifactKey: Guid(3f33aff892beb4145a364f211bd5f6a2) Importer(815301076,1909f56bfc062723c751e8b465ee728b)
Start importing Assets/Assets/Scenes/Main_menu 1.unity using Guid(3f33aff892beb4145a364f211bd5f6a2) Importer(815301076,1909f56bfc062723c751e8b465ee728b)  -> (artifact id: 'd54a6927178bc17def10f767c639cca5') in 0.004047 seconds 
  Import took 0.007040 seconds .

========================================================================
Received Import Request.
  Time since last request: 9.938388 seconds.
  path: Assets/Assets/Scenes/option.unity
  artifactKey: Guid(3f33aff892beb4145a364f211bd5f6a2) Importer(815301076,1909f56bfc062723c751e8b465ee728b)
Start importing Assets/Assets/Scenes/option.unity using Guid(3f33aff892beb4145a364f211bd5f6a2) Importer(815301076,1909f56bfc062723c751e8b465ee728b)  -> (artifact id: 'd8cad43a3515583a7f3d3e49641aea90') in 0.004636 seconds 
  Import took 0.007572 seconds .

========================================================================
Received Import Request.
  Time since last request: 491.095070 seconds.
  path: Assets/Assets/sprite
  artifactKey: Guid(498d98d8aa4d3904b88ce3cb82cec983) Importer(815301076,1909f56bfc062723c751e8b465ee728b)
Start importing Assets/Assets/sprite using Guid(498d98d8aa4d3904b88ce3cb82cec983) Importer(815301076,1909f56bfc062723c751e8b465ee728b)  -> (artifact id: '7412d25b690b8b8bf127b71de5d78be1') in 0.004559 seconds 
  Import took 0.007588 seconds .

========================================================================
Received Import Request.
  Time since last request: 6.028700 seconds.
  path: Assets/Assets/sprite/sprite_blé.png
  artifactKey: Guid(377090dc311232a4cadbde1e7a2000ea) Importer(815301076,1909f56bfc062723c751e8b465ee728b)
Start importing Assets/Assets/sprite/sprite_blé.png using Guid(377090dc311232a4cadbde1e7a2000ea) Importer(815301076,1909f56bfc062723c751e8b465ee728b)  -> (artifact id: '584c46a515b1731e775a08b25ccb3951') in 0.034926 seconds 
  Import took 0.037703 seconds .

========================================================================
Received Import Request.
  Time since last request: 0.000220 seconds.
  path: Assets/Assets/sprite/sprite_eau.png
  artifactKey: Guid(65960b279955a7843b4093899a90fec1) Importer(815301076,1909f56bfc062723c751e8b465ee728b)
Start importing Assets/Assets/sprite/sprite_eau.png using Guid(65960b279955a7843b4093899a90fec1) Importer(815301076,1909f56bfc062723c751e8b465ee728b)  -> (artifact id: 'e88bac11788a776fa2949f378aee1c40') in 0.008542 seconds 
  Import took 0.010667 seconds .

========================================================================
Received Import Request.
  Time since last request: 0.000337 seconds.
  path: Assets/Assets/sprite/sprite_ping.png
  artifactKey: Guid(eae7ec34ff494504895cc2b1ac1857e8) Importer(815301076,1909f56bfc062723c751e8b465ee728b)
Start importing Assets/Assets/sprite/sprite_ping.png using Guid(eae7ec34ff494504895cc2b1ac1857e8) Importer(815301076,1909f56bfc062723c751e8b465ee728b)  -> (artifact id: '8062ea2f0e06b847ee66c63ec91cb04e') in 0.007274 seconds 
  Import took 0.009367 seconds .

========================================================================
Received Import Request.
  Time since last request: 0.000195 seconds.
  path: Assets/Assets/sprite/sprite_pierre.png
  artifactKey: Guid(111fb877fc463f64f8de543b939aaddb) Importer(815301076,1909f56bfc062723c751e8b465ee728b)
Start importing Assets/Assets/sprite/sprite_pierre.png using Guid(111fb877fc463f64f8de543b939aaddb) Importer(815301076,1909f56bfc062723c751e8b465ee728b)  -> (artifact id: '649fe4161f522ccfef7ee2ec39940178') in 0.007402 seconds 
  Import took 0.009525 seconds .

========================================================================
Received Import Request.
  Time since last request: 0.000195 seconds.
  path: Assets/Assets/sprite/sprite_bois.png
  artifactKey: Guid(d33478f8147204f4593f75e3fc7b90b8) Importer(815301076,1909f56bfc062723c751e8b465ee728b)
Start importing Assets/Assets/sprite/sprite_bois.png using Guid(d33478f8147204f4593f75e3fc7b90b8) Importer(815301076,1909f56bfc062723c751e8b465ee728b)  -> (artifact id: '9238ba08e94065800407bbd0f78ee049') in 0.007215 seconds 
  Import took 0.009380 seconds .

========================================================================
Received Import Request.
  Time since last request: 30.018946 seconds.
  path: Assets/Assets/sprite/sprite_blé.asset
  artifactKey: Guid(ccf8fdfe42587864f9bf006acabbc4b9) Importer(815301076,1909f56bfc062723c751e8b465ee728b)
Start importing Assets/Assets/sprite/sprite_blé.asset using Guid(ccf8fdfe42587864f9bf006acabbc4b9) Importer(815301076,1909f56bfc062723c751e8b465ee728b)  -> (artifact id: '651a22f9134f4b26d180865ddf252072') in 0.009813 seconds 
  Import took 0.012783 seconds .

========================================================================
Received Import Request.
  Time since last request: 23.583370 seconds.
  path: Assets/Assets/sprite/sprite_blé.png
  artifactKey: Guid(377090dc311232a4cadbde1e7a2000ea) Importer(815301076,1909f56bfc062723c751e8b465ee728b)
Start importing Assets/Assets/sprite/sprite_blé.png using Guid(377090dc311232a4cadbde1e7a2000ea) Importer(815301076,1909f56bfc062723c751e8b465ee728b)  -> (artifact id: '1e4609caf6154a22c4ff10391e44aa74') in 0.029730 seconds 
  Import took 0.032635 seconds .

========================================================================
Received Import Request.
  Time since last request: 0.000199 seconds.
  path: Assets/Assets/sprite/sprite_eau.png
  artifactKey: Guid(65960b279955a7843b4093899a90fec1) Importer(815301076,1909f56bfc062723c751e8b465ee728b)
Start importing Assets/Assets/sprite/sprite_eau.png using Guid(65960b279955a7843b4093899a90fec1) Importer(815301076,1909f56bfc062723c751e8b465ee728b)  -> (artifact id: 'b9f2ee3f421afba1823451e0902508db') in 0.016359 seconds 
  Import took 0.018912 seconds .

========================================================================
Received Import Request.
  Time since last request: 0.000220 seconds.
  path: Assets/Assets/sprite/sprite_ping.png
  artifactKey: Guid(eae7ec34ff494504895cc2b1ac1857e8) Importer(815301076,1909f56bfc062723c751e8b465ee728b)
Start importing Assets/Assets/sprite/sprite_ping.png using Guid(eae7ec34ff494504895cc2b1ac1857e8) Importer(815301076,1909f56bfc062723c751e8b465ee728b)  -> (artifact id: '915c003a4d250b73b049745f00119543') in 0.015707 seconds 
  Import took 0.018137 seconds .

========================================================================
Received Import Request.
  Time since last request: 0.000205 seconds.
  path: Assets/Assets/sprite/sprite_pierre.png
  artifactKey: Guid(111fb877fc463f64f8de543b939aaddb) Importer(815301076,1909f56bfc062723c751e8b465ee728b)
Start importing Assets/Assets/sprite/sprite_pierre.png using Guid(111fb877fc463f64f8de543b939aaddb) Importer(815301076,1909f56bfc062723c751e8b465ee728b)  -> (artifact id: '5f2faeeb52359cb696317dd1edba18b6') in 0.016615 seconds 
  Import took 0.018859 seconds .

========================================================================
Received Import Request.
  Time since last request: 0.000200 seconds.
  path: Assets/Assets/sprite/sprite_bois.png
  artifactKey: Guid(d33478f8147204f4593f75e3fc7b90b8) Importer(815301076,1909f56bfc062723c751e8b465ee728b)
Start importing Assets/Assets/sprite/sprite_bois.png using Guid(d33478f8147204f4593f75e3fc7b90b8) Importer(815301076,1909f56bfc062723c751e8b465ee728b)  -> (artifact id: '3179f7beedad37c8f8dbc18f713601d8') in 0.017923 seconds 
  Import took 0.020164 seconds .

========================================================================
Received Import Request.
  Time since last request: 457.122095 seconds.
  path: Assets/Assets/sprite/sprite_boussol.png
  artifactKey: Guid(cea9cf8e230bd694f9af6c37c17a2adc) Importer(815301076,1909f56bfc062723c751e8b465ee728b)
Start importing Assets/Assets/sprite/sprite_boussol.png using Guid(cea9cf8e230bd694f9af6c37c17a2adc) Importer(815301076,1909f56bfc062723c751e8b465ee728b)  -> (artifact id: '5241d2c8546e34888905d79c28689836') in 0.011100 seconds 
  Import took 0.014284 seconds .

========================================================================
Received Import Request.
  Time since last request: 0.000278 seconds.
  path: Assets/Assets/sprite/sprite_menu.png
  artifactKey: Guid(bbb9962f85fc6ef4bab1a41b9a82e639) Importer(815301076,1909f56bfc062723c751e8b465ee728b)
Start importing Assets/Assets/sprite/sprite_menu.png using Guid(bbb9962f85fc6ef4bab1a41b9a82e639) Importer(815301076,1909f56bfc062723c751e8b465ee728b)  -> (artifact id: 'b1c4a17a6b45cd1afea5aca38a207c9e') in 0.010217 seconds 
  Import took 0.012322 seconds .

========================================================================
Received Import Request.
  Time since last request: 10.447479 seconds.
  path: Assets/Assets/sprite/sprite_boussol.png
  artifactKey: Guid(cea9cf8e230bd694f9af6c37c17a2adc) Importer(815301076,1909f56bfc062723c751e8b465ee728b)
Start importing Assets/Assets/sprite/sprite_boussol.png using Guid(cea9cf8e230bd694f9af6c37c17a2adc) Importer(815301076,1909f56bfc062723c751e8b465ee728b)  -> (artifact id: '46cad04181e2cf7966ae6cd84f973f3f') in 0.014745 seconds 
  Import took 0.017264 seconds .

========================================================================
Received Import Request.
  Time since last request: 0.000251 seconds.
  path: Assets/Assets/sprite/sprite_menu.png
  artifactKey: Guid(bbb9962f85fc6ef4bab1a41b9a82e639) Importer(815301076,1909f56bfc062723c751e8b465ee728b)
Start importing Assets/Assets/sprite/sprite_menu.png using Guid(bbb9962f85fc6ef4bab1a41b9a82e639) Importer(815301076,1909f56bfc062723c751e8b465ee728b)  -> (artifact id: '16e8e964cbb20a91ca134a652d0181e0') in 0.013103 seconds 
  Import took 0.015927 seconds .

========================================================================
Received Prepare
Registering precompiled user dll's ...
Registered in 0.003611 seconds.
Begin MonoManager ReloadAssembly
Native extension for WindowsStandalone target not found
Refreshing native plugins compatible for Editor in 0.53 ms, found 2 plugins.
Preloading 0 native plugins for Editor in 0.00 ms.
Mono: successfully reloaded assembly
- Completed reload, in  1.035 seconds
Domain Reload Profiling:
	ReloadAssembly (1035ms)
		BeginReloadAssembly (210ms)
			ExecutionOrderSort (0ms)
			DisableScriptedObjects (8ms)
			BackupInstance (0ms)
			ReleaseScriptingObjects (0ms)
			CreateAndSetChildDomain (55ms)
		EndReloadAssembly (757ms)
			LoadAssemblies (146ms)
			RebuildTransferFunctionScriptingTraits (0ms)
			SetupTypeCache (249ms)
			ReleaseScriptCaches (1ms)
			RebuildScriptCaches (38ms)
			SetupLoadedEditorAssemblies (263ms)
				LogAssemblyErrors (0ms)
				InitializePlatformSupportModulesInManaged (12ms)
				SetLoadedEditorAssemblies (1ms)
				RefreshPlugins (1ms)
				BeforeProcessingInitializeOnLoad (82ms)
				ProcessInitializeOnLoadAttributes (154ms)
				ProcessInitializeOnLoadMethodAttributes (7ms)
				AfterProcessingInitializeOnLoad (6ms)
				EditorAssembliesLoaded (0ms)
			ExecutionOrderSort2 (0ms)
			AwakeInstancesAfterBackupRestoration (6ms)
Platform modules already initialized, skipping
Refreshing native plugins compatible for Editor in 0.32 ms, found 2 plugins.
Preloading 0 native plugins for Editor in 0.00 ms.
Unloading 1538 Unused Serialized files (Serialized files now loaded: 0)
System memory in use before: 74.2 MB.
System memory in use after: 74.3 MB.

Unloading 14 unused Assets to reduce memory usage. Loaded Objects now: 2080.
Total: 2.820900 ms (FindLiveObjects: 0.169900 ms CreateObjectMapping: 0.051300 ms MarkObjects: 2.558600 ms  DeleteObjects: 0.040300 ms)

AssetImportParameters requested are different than current active one (requested -> active):
  custom:framework-win-MediaFoundation: 216162199b28c13a410421893ffa2e32 -> 
  custom:video-decoder-ogg-theora: a1e56fd34408186e4bbccfd4996cb3dc -> 
  custom:container-muxer-webm: aa71ff27fc2769a1b78a27578f13a17b -> 
  custom:container-demuxer-webm: 4f35f7cbe854078d1ac9338744f61a02 -> 
  custom:container-demuxer-ogg: 62fdf1f143b41e24485cea50d1cbac27 -> 
  custom:video-encoder-webm-vp8: eb34c28f22e8b96e1ab97ce403110664 -> 
  custom:video-decoder-webm-vp8: 9c59270c3fd7afecdb556c50c9e8de78 -> 
  custom:audio-decoder-ogg-vorbis: bf7c407c2cedff20999df2af8eb42d56 -> 
  custom:audio-encoder-webm-vorbis: bf7c407c2cedff20999df2af8eb42d56 -> 
========================================================================
Received Prepare
Registering precompiled user dll's ...
Registered in 0.003615 seconds.
Begin MonoManager ReloadAssembly
Native extension for WindowsStandalone target not found
Refreshing native plugins compatible for Editor in 0.56 ms, found 2 plugins.
Preloading 0 native plugins for Editor in 0.00 ms.
Mono: successfully reloaded assembly
- Completed reload, in  1.133 seconds
Domain Reload Profiling:
	ReloadAssembly (1133ms)
		BeginReloadAssembly (99ms)
			ExecutionOrderSort (0ms)
			DisableScriptedObjects (4ms)
			BackupInstance (0ms)
			ReleaseScriptingObjects (0ms)
			CreateAndSetChildDomain (30ms)
		EndReloadAssembly (975ms)
			LoadAssemblies (76ms)
			RebuildTransferFunctionScriptingTraits (0ms)
			SetupTypeCache (358ms)
			ReleaseScriptCaches (1ms)
			RebuildScriptCaches (58ms)
			SetupLoadedEditorAssemblies (358ms)
				LogAssemblyErrors (0ms)
				InitializePlatformSupportModulesInManaged (9ms)
				SetLoadedEditorAssemblies (1ms)
				RefreshPlugins (1ms)
				BeforeProcessingInitializeOnLoad (113ms)
				ProcessInitializeOnLoadAttributes (222ms)
				ProcessInitializeOnLoadMethodAttributes (7ms)
				AfterProcessingInitializeOnLoad (6ms)
				EditorAssembliesLoaded (0ms)
			ExecutionOrderSort2 (0ms)
			AwakeInstancesAfterBackupRestoration (5ms)
Platform modules already initialized, skipping
Refreshing native plugins compatible for Editor in 0.32 ms, found 2 plugins.
Preloading 0 native plugins for Editor in 0.00 ms.
Unloading 1538 Unused Serialized files (Serialized files now loaded: 0)
System memory in use before: 74.2 MB.
System memory in use after: 74.3 MB.

Unloading 14 unused Assets to reduce memory usage. Loaded Objects now: 2082.
Total: 2.909600 ms (FindLiveObjects: 0.165100 ms CreateObjectMapping: 0.040800 ms MarkObjects: 2.659600 ms  DeleteObjects: 0.042800 ms)

AssetImportParameters requested are different than current active one (requested -> active):
  custom:framework-win-MediaFoundation: 216162199b28c13a410421893ffa2e32 -> 
  custom:video-decoder-ogg-theora: a1e56fd34408186e4bbccfd4996cb3dc -> 
  custom:container-muxer-webm: aa71ff27fc2769a1b78a27578f13a17b -> 
  custom:container-demuxer-webm: 4f35f7cbe854078d1ac9338744f61a02 -> 
  custom:container-demuxer-ogg: 62fdf1f143b41e24485cea50d1cbac27 -> 
  custom:video-encoder-webm-vp8: eb34c28f22e8b96e1ab97ce403110664 -> 
  custom:video-decoder-webm-vp8: 9c59270c3fd7afecdb556c50c9e8de78 -> 
  custom:audio-decoder-ogg-vorbis: bf7c407c2cedff20999df2af8eb42d56 -> 
  custom:audio-encoder-webm-vorbis: bf7c407c2cedff20999df2af8eb42d56 -> 
========================================================================
Received Prepare
Registering precompiled user dll's ...
Registered in 0.004517 seconds.
Begin MonoManager ReloadAssembly
Native extension for WindowsStandalone target not found
Refreshing native plugins compatible for Editor in 0.45 ms, found 2 plugins.
Preloading 0 native plugins for Editor in 0.00 ms.
Mono: successfully reloaded assembly
- Completed reload, in  1.134 seconds
Domain Reload Profiling:
	ReloadAssembly (1134ms)
		BeginReloadAssembly (126ms)
			ExecutionOrderSort (0ms)
			DisableScriptedObjects (6ms)
			BackupInstance (0ms)
			ReleaseScriptingObjects (0ms)
			CreateAndSetChildDomain (37ms)
		EndReloadAssembly (936ms)
			LoadAssemblies (97ms)
			RebuildTransferFunctionScriptingTraits (0ms)
			SetupTypeCache (334ms)
			ReleaseScriptCaches (1ms)
			RebuildScriptCaches (52ms)
			SetupLoadedEditorAssemblies (341ms)
				LogAssemblyErrors (0ms)
				InitializePlatformSupportModulesInManaged (6ms)
				SetLoadedEditorAssemblies (1ms)
				RefreshPlugins (1ms)
				BeforeProcessingInitializeOnLoad (109ms)
				ProcessInitializeOnLoadAttributes (206ms)
				ProcessInitializeOnLoadMethodAttributes (11ms)
				AfterProcessingInitializeOnLoad (8ms)
				EditorAssembliesLoaded (0ms)
			ExecutionOrderSort2 (0ms)
			AwakeInstancesAfterBackupRestoration (8ms)
Platform modules already initialized, skipping
Refreshing native plugins compatible for Editor in 0.41 ms, found 2 plugins.
Preloading 0 native plugins for Editor in 0.00 ms.
Unloading 1538 Unused Serialized files (Serialized files now loaded: 0)
System memory in use before: 74.2 MB.
System memory in use after: 74.3 MB.

Unloading 14 unused Assets to reduce memory usage. Loaded Objects now: 2084.
Total: 3.143000 ms (FindLiveObjects: 0.220800 ms CreateObjectMapping: 0.068500 ms MarkObjects: 2.833400 ms  DeleteObjects: 0.018900 ms)

AssetImportParameters requested are different than current active one (requested -> active):
  custom:framework-win-MediaFoundation: 216162199b28c13a410421893ffa2e32 -> 
  custom:video-decoder-ogg-theora: a1e56fd34408186e4bbccfd4996cb3dc -> 
  custom:container-muxer-webm: aa71ff27fc2769a1b78a27578f13a17b -> 
  custom:container-demuxer-webm: 4f35f7cbe854078d1ac9338744f61a02 -> 
  custom:container-demuxer-ogg: 62fdf1f143b41e24485cea50d1cbac27 -> 
  custom:video-encoder-webm-vp8: eb34c28f22e8b96e1ab97ce403110664 -> 
  custom:video-decoder-webm-vp8: 9c59270c3fd7afecdb556c50c9e8de78 -> 
  custom:audio-decoder-ogg-vorbis: bf7c407c2cedff20999df2af8eb42d56 -> 
  custom:audio-encoder-webm-vorbis: bf7c407c2cedff20999df2af8eb42d56 -> 
AssetImportWorkerClient::OnTransportError - code=2 error=End of file
